{"/mnt/c/Users/Gamer/Development/Flojo/src/core.js": {"path":"/mnt/c/Users/Gamer/Development/Flojo/src/core.js","statementMap":{"0":{"start":{"line":9,"column":4},"end":{"line":9,"column":20}},"1":{"start":{"line":10,"column":4},"end":{"line":10,"column":27}},"2":{"start":{"line":13,"column":2},"end":{"line":13,"column":25}},"3":{"start":{"line":14,"column":2},"end":{"line":14,"column":25}},"4":{"start":{"line":18,"column":4},"end":{"line":23,"column":5}},"5":{"start":{"line":19,"column":6},"end":{"line":21,"column":9}},"6":{"start":{"line":20,"column":8},"end":{"line":20,"column":22}},"7":{"start":{"line":22,"column":6},"end":{"line":22,"column":28}},"8":{"start":{"line":27,"column":4},"end":{"line":27,"column":26}},"9":{"start":{"line":31,"column":4},"end":{"line":31,"column":49}},"10":{"start":{"line":31,"column":34},"end":{"line":31,"column":47}},"11":{"start":{"line":33,"column":4},"end":{"line":42,"column":7}},"12":{"start":{"line":34,"column":6},"end":{"line":41,"column":7}},"13":{"start":{"line":35,"column":8},"end":{"line":40,"column":9}},"14":{"start":{"line":36,"column":10},"end":{"line":36,"column":35}},"15":{"start":{"line":37,"column":10},"end":{"line":37,"column":27}},"16":{"start":{"line":38,"column":10},"end":{"line":38,"column":68}},"17":{"start":{"line":38,"column":28},"end":{"line":38,"column":66}},"18":{"start":{"line":39,"column":10},"end":{"line":39,"column":22}},"19":{"start":{"line":51,"column":4},"end":{"line":51,"column":20}},"20":{"start":{"line":53,"column":4},"end":{"line":53,"column":21}},"21":{"start":{"line":54,"column":4},"end":{"line":62,"column":5}},"22":{"start":{"line":55,"column":6},"end":{"line":57,"column":9}},"23":{"start":{"line":56,"column":8},"end":{"line":56,"column":21}},"24":{"start":{"line":59,"column":6},"end":{"line":59,"column":29}},"25":{"start":{"line":60,"column":6},"end":{"line":60,"column":29}},"26":{"start":{"line":61,"column":6},"end":{"line":61,"column":29}},"27":{"start":{"line":67,"column":4},"end":{"line":67,"column":43}},"28":{"start":{"line":71,"column":4},"end":{"line":71,"column":16}},"29":{"start":{"line":72,"column":4},"end":{"line":72,"column":32}},"30":{"start":{"line":76,"column":4},"end":{"line":80,"column":7}},"31":{"start":{"line":77,"column":6},"end":{"line":79,"column":7}},"32":{"start":{"line":78,"column":8},"end":{"line":78,"column":27}},"33":{"start":{"line":84,"column":4},"end":{"line":117,"column":7}},"34":{"start":{"line":86,"column":6},"end":{"line":86,"column":35}},"35":{"start":{"line":86,"column":26},"end":{"line":86,"column":33}},"36":{"start":{"line":88,"column":6},"end":{"line":116,"column":7}},"37":{"start":{"line":90,"column":8},"end":{"line":90,"column":30}},"38":{"start":{"line":92,"column":8},"end":{"line":115,"column":9}},"39":{"start":{"line":95,"column":12},"end":{"line":95,"column":37}},"40":{"start":{"line":97,"column":12},"end":{"line":97,"column":18}},"41":{"start":{"line":100,"column":12},"end":{"line":100,"column":25}},"42":{"start":{"line":101,"column":12},"end":{"line":105,"column":13}},"43":{"start":{"line":102,"column":14},"end":{"line":102,"column":57}},"44":{"start":{"line":104,"column":14},"end":{"line":104,"column":39}},"45":{"start":{"line":106,"column":12},"end":{"line":106,"column":18}},"46":{"start":{"line":109,"column":12},"end":{"line":109,"column":54}},"47":{"start":{"line":110,"column":12},"end":{"line":110,"column":18}},"48":{"start":{"line":113,"column":12},"end":{"line":113,"column":18}},"49":{"start":{"line":121,"column":19},"end":{"line":121,"column":21}},"50":{"start":{"line":122,"column":4},"end":{"line":124,"column":5}},"51":{"start":{"line":123,"column":6},"end":{"line":123,"column":65}},"52":{"start":{"line":123,"column":34},"end":{"line":123,"column":63}},"53":{"start":{"line":125,"column":4},"end":{"line":125,"column":26}}},"fnMap":{"0":{"name":"(anonymous_0)","decl":{"start":{"line":8,"column":2},"end":{"line":8,"column":3}},"loc":{"start":{"line":8,"column":16},"end":{"line":15,"column":3}},"line":8},"1":{"name":"(anonymous_1)","decl":{"start":{"line":17,"column":2},"end":{"line":17,"column":3}},"loc":{"start":{"line":17,"column":9},"end":{"line":24,"column":3}},"line":17},"2":{"name":"(anonymous_2)","decl":{"start":{"line":19,"column":53},"end":{"line":19,"column":54}},"loc":{"start":{"line":19,"column":59},"end":{"line":21,"column":7}},"line":19},"3":{"name":"(anonymous_3)","decl":{"start":{"line":26,"column":2},"end":{"line":26,"column":3}},"loc":{"start":{"line":26,"column":12},"end":{"line":28,"column":3}},"line":26},"4":{"name":"(anonymous_4)","decl":{"start":{"line":30,"column":2},"end":{"line":30,"column":3}},"loc":{"start":{"line":30,"column":17},"end":{"line":43,"column":3}},"line":30},"5":{"name":"(anonymous_5)","decl":{"start":{"line":33,"column":23},"end":{"line":33,"column":24}},"loc":{"start":{"line":33,"column":40},"end":{"line":42,"column":5}},"line":33},"6":{"name":"(anonymous_6)","decl":{"start":{"line":50,"column":2},"end":{"line":50,"column":3}},"loc":{"start":{"line":50,"column":11},"end":{"line":63,"column":3}},"line":50},"7":{"name":"(anonymous_7)","decl":{"start":{"line":55,"column":35},"end":{"line":55,"column":36}},"loc":{"start":{"line":55,"column":41},"end":{"line":57,"column":7}},"line":55},"8":{"name":"(anonymous_8)","decl":{"start":{"line":65,"column":2},"end":{"line":65,"column":3}},"loc":{"start":{"line":65,"column":23},"end":{"line":68,"column":3}},"line":65},"9":{"name":"(anonymous_9)","decl":{"start":{"line":70,"column":2},"end":{"line":70,"column":3}},"loc":{"start":{"line":70,"column":17},"end":{"line":73,"column":3}},"line":70},"10":{"name":"(anonymous_10)","decl":{"start":{"line":75,"column":2},"end":{"line":75,"column":3}},"loc":{"start":{"line":75,"column":20},"end":{"line":81,"column":3}},"line":75},"11":{"name":"(anonymous_11)","decl":{"start":{"line":76,"column":27},"end":{"line":76,"column":28}},"loc":{"start":{"line":76,"column":39},"end":{"line":80,"column":5}},"line":76},"12":{"name":"(anonymous_12)","decl":{"start":{"line":83,"column":2},"end":{"line":83,"column":3}},"loc":{"start":{"line":83,"column":13},"end":{"line":118,"column":3}},"line":83},"13":{"name":"(anonymous_13)","decl":{"start":{"line":84,"column":23},"end":{"line":84,"column":24}},"loc":{"start":{"line":84,"column":40},"end":{"line":117,"column":5}},"line":84},"14":{"name":"(anonymous_14)","decl":{"start":{"line":120,"column":2},"end":{"line":120,"column":3}},"loc":{"start":{"line":120,"column":14},"end":{"line":126,"column":3}},"line":120}},"branchMap":{"0":{"loc":{"start":{"line":18,"column":4},"end":{"line":23,"column":5}},"type":"if","locations":[{"start":{"line":18,"column":4},"end":{"line":23,"column":5}},{"start":{"line":18,"column":4},"end":{"line":23,"column":5}}],"line":18},"1":{"loc":{"start":{"line":31,"column":4},"end":{"line":31,"column":49}},"type":"if","locations":[{"start":{"line":31,"column":4},"end":{"line":31,"column":49}},{"start":{"line":31,"column":4},"end":{"line":31,"column":49}}],"line":31},"2":{"loc":{"start":{"line":34,"column":6},"end":{"line":41,"column":7}},"type":"if","locations":[{"start":{"line":34,"column":6},"end":{"line":41,"column":7}},{"start":{"line":34,"column":6},"end":{"line":41,"column":7}}],"line":34},"3":{"loc":{"start":{"line":35,"column":8},"end":{"line":40,"column":9}},"type":"if","locations":[{"start":{"line":35,"column":8},"end":{"line":40,"column":9}},{"start":{"line":35,"column":8},"end":{"line":40,"column":9}}],"line":35},"4":{"loc":{"start":{"line":38,"column":10},"end":{"line":38,"column":68}},"type":"if","locations":[{"start":{"line":38,"column":10},"end":{"line":38,"column":68}},{"start":{"line":38,"column":10},"end":{"line":38,"column":68}}],"line":38},"5":{"loc":{"start":{"line":54,"column":4},"end":{"line":62,"column":5}},"type":"if","locations":[{"start":{"line":54,"column":4},"end":{"line":62,"column":5}},{"start":{"line":54,"column":4},"end":{"line":62,"column":5}}],"line":54},"6":{"loc":{"start":{"line":77,"column":6},"end":{"line":79,"column":7}},"type":"if","locations":[{"start":{"line":77,"column":6},"end":{"line":79,"column":7}},{"start":{"line":77,"column":6},"end":{"line":79,"column":7}}],"line":77},"7":{"loc":{"start":{"line":86,"column":6},"end":{"line":86,"column":35}},"type":"if","locations":[{"start":{"line":86,"column":6},"end":{"line":86,"column":35}},{"start":{"line":86,"column":6},"end":{"line":86,"column":35}}],"line":86},"8":{"loc":{"start":{"line":88,"column":6},"end":{"line":116,"column":7}},"type":"if","locations":[{"start":{"line":88,"column":6},"end":{"line":116,"column":7}},{"start":{"line":88,"column":6},"end":{"line":116,"column":7}}],"line":88},"9":{"loc":{"start":{"line":92,"column":8},"end":{"line":115,"column":9}},"type":"switch","locations":[{"start":{"line":94,"column":10},"end":{"line":97,"column":18}},{"start":{"line":99,"column":10},"end":{"line":106,"column":18}},{"start":{"line":108,"column":10},"end":{"line":110,"column":18}},{"start":{"line":112,"column":10},"end":{"line":113,"column":18}}],"line":92},"10":{"loc":{"start":{"line":101,"column":12},"end":{"line":105,"column":13}},"type":"if","locations":[{"start":{"line":101,"column":12},"end":{"line":105,"column":13}},{"start":{"line":101,"column":12},"end":{"line":105,"column":13}}],"line":101},"11":{"loc":{"start":{"line":123,"column":6},"end":{"line":123,"column":65}},"type":"if","locations":[{"start":{"line":123,"column":6},"end":{"line":123,"column":65}},{"start":{"line":123,"column":6},"end":{"line":123,"column":65}}],"line":123}},"s":{"0":1,"1":1,"2":1,"3":1,"4":0,"5":0,"6":0,"7":0,"8":0,"9":0,"10":0,"11":0,"12":0,"13":0,"14":0,"15":0,"16":0,"17":0,"18":0,"19":0,"20":0,"21":0,"22":0,"23":0,"24":0,"25":0,"26":0,"27":0,"28":0,"29":0,"30":0,"31":0,"32":0,"33":0,"34":0,"35":0,"36":0,"37":0,"38":0,"39":0,"40":0,"41":0,"42":0,"43":0,"44":0,"45":0,"46":0,"47":0,"48":0,"49":0,"50":0,"51":0,"52":0,"53":0},"f":{"0":1,"1":0,"2":0,"3":0,"4":0,"5":0,"6":0,"7":0,"8":0,"9":0,"10":0,"11":0,"12":0,"13":0,"14":0},"b":{"0":[0,0],"1":[0,0],"2":[0,0],"3":[0,0],"4":[0,0],"5":[0,0],"6":[0,0],"7":[0,0],"8":[0,0],"9":[0,0,0,0],"10":[0,0],"11":[0,0]},"_coverageSchema":"332fd63041d2c1bcb487cc26dd0d5f7d97098a6c","hash":"af3ad0f07db9da63162e8e199a5c9dabe9f77b4f"}
,"/mnt/c/Users/Gamer/Development/Flojo/src/types.js": {"path":"/mnt/c/Users/Gamer/Development/Flojo/src/types.js","statementMap":{"0":{"start":{"line":1,"column":26},"end":{"line":1,"column":27}},"1":{"start":{"line":2,"column":28},"end":{"line":2,"column":29}},"2":{"start":{"line":3,"column":29},"end":{"line":3,"column":30}},"3":{"start":{"line":7,"column":4},"end":{"line":7,"column":17}},"4":{"start":{"line":8,"column":4},"end":{"line":8,"column":21}},"5":{"start":{"line":9,"column":4},"end":{"line":9,"column":23}},"6":{"start":{"line":10,"column":4},"end":{"line":10,"column":21}},"7":{"start":{"line":11,"column":4},"end":{"line":11,"column":21}},"8":{"start":{"line":12,"column":4},"end":{"line":12,"column":23}},"9":{"start":{"line":18,"column":4},"end":{"line":18,"column":46}},"10":{"start":{"line":19,"column":4},"end":{"line":19,"column":29}},"11":{"start":{"line":20,"column":4},"end":{"line":20,"column":23}},"12":{"start":{"line":26,"column":4},"end":{"line":26,"column":46}},"13":{"start":{"line":27,"column":4},"end":{"line":27,"column":29}}},"fnMap":{"0":{"name":"(anonymous_0)","decl":{"start":{"line":6,"column":2},"end":{"line":6,"column":3}},"loc":{"start":{"line":6,"column":50},"end":{"line":13,"column":3}},"line":6},"1":{"name":"(anonymous_1)","decl":{"start":{"line":17,"column":2},"end":{"line":17,"column":3}},"loc":{"start":{"line":17,"column":67},"end":{"line":21,"column":3}},"line":17},"2":{"name":"(anonymous_2)","decl":{"start":{"line":25,"column":2},"end":{"line":25,"column":3}},"loc":{"start":{"line":25,"column":60},"end":{"line":28,"column":3}},"line":25}},"branchMap":{},"s":{"0":1,"1":1,"2":1,"3":0,"4":0,"5":0,"6":0,"7":0,"8":0,"9":0,"10":0,"11":0,"12":0,"13":0},"f":{"0":0,"1":0,"2":0},"b":{},"_coverageSchema":"332fd63041d2c1bcb487cc26dd0d5f7d97098a6c","hash":"25f7846eb9841942d6a6570272cc0f3aa94e75ac"}
}
