{"/mnt/c/Users/Gamer/Development/Flojo/src/core.js": {"path":"/mnt/c/Users/Gamer/Development/Flojo/src/core.js","statementMap":{"0":{"start":{"line":5,"column":4},"end":{"line":5,"column":20}},"1":{"start":{"line":6,"column":4},"end":{"line":6,"column":27}},"2":{"start":{"line":9,"column":4},"end":{"line":9,"column":27}},"3":{"start":{"line":10,"column":4},"end":{"line":10,"column":27}},"4":{"start":{"line":14,"column":4},"end":{"line":19,"column":5}},"5":{"start":{"line":15,"column":6},"end":{"line":17,"column":9}},"6":{"start":{"line":16,"column":8},"end":{"line":16,"column":22}},"7":{"start":{"line":18,"column":6},"end":{"line":18,"column":28}},"8":{"start":{"line":23,"column":4},"end":{"line":23,"column":26}},"9":{"start":{"line":27,"column":4},"end":{"line":29,"column":5}},"10":{"start":{"line":28,"column":6},"end":{"line":28,"column":19}},"11":{"start":{"line":31,"column":4},"end":{"line":42,"column":7}},"12":{"start":{"line":32,"column":6},"end":{"line":41,"column":7}},"13":{"start":{"line":33,"column":8},"end":{"line":40,"column":9}},"14":{"start":{"line":34,"column":10},"end":{"line":34,"column":35}},"15":{"start":{"line":35,"column":10},"end":{"line":35,"column":27}},"16":{"start":{"line":36,"column":10},"end":{"line":38,"column":11}},"17":{"start":{"line":37,"column":12},"end":{"line":37,"column":50}},"18":{"start":{"line":39,"column":10},"end":{"line":39,"column":22}},"19":{"start":{"line":51,"column":4},"end":{"line":51,"column":20}},"20":{"start":{"line":53,"column":4},"end":{"line":53,"column":21}},"21":{"start":{"line":54,"column":4},"end":{"line":62,"column":5}},"22":{"start":{"line":55,"column":6},"end":{"line":57,"column":9}},"23":{"start":{"line":56,"column":8},"end":{"line":56,"column":22}},"24":{"start":{"line":59,"column":6},"end":{"line":59,"column":29}},"25":{"start":{"line":60,"column":6},"end":{"line":60,"column":29}},"26":{"start":{"line":61,"column":6},"end":{"line":61,"column":29}},"27":{"start":{"line":67,"column":4},"end":{"line":67,"column":43}},"28":{"start":{"line":71,"column":4},"end":{"line":71,"column":16}},"29":{"start":{"line":72,"column":4},"end":{"line":72,"column":32}},"30":{"start":{"line":76,"column":4},"end":{"line":80,"column":7}},"31":{"start":{"line":77,"column":6},"end":{"line":79,"column":7}},"32":{"start":{"line":78,"column":8},"end":{"line":78,"column":27}},"33":{"start":{"line":84,"column":4},"end":{"line":115,"column":7}},"34":{"start":{"line":85,"column":6},"end":{"line":87,"column":7}},"35":{"start":{"line":86,"column":8},"end":{"line":86,"column":15}},"36":{"start":{"line":89,"column":6},"end":{"line":114,"column":7}},"37":{"start":{"line":90,"column":8},"end":{"line":90,"column":30}},"38":{"start":{"line":92,"column":8},"end":{"line":113,"column":9}},"39":{"start":{"line":94,"column":12},"end":{"line":94,"column":37}},"40":{"start":{"line":96,"column":12},"end":{"line":96,"column":18}},"41":{"start":{"line":99,"column":12},"end":{"line":99,"column":25}},"42":{"start":{"line":100,"column":12},"end":{"line":104,"column":13}},"43":{"start":{"line":101,"column":14},"end":{"line":101,"column":57}},"44":{"start":{"line":103,"column":14},"end":{"line":103,"column":39}},"45":{"start":{"line":105,"column":12},"end":{"line":105,"column":18}},"46":{"start":{"line":108,"column":12},"end":{"line":108,"column":55}},"47":{"start":{"line":109,"column":12},"end":{"line":109,"column":18}},"48":{"start":{"line":112,"column":12},"end":{"line":112,"column":18}},"49":{"start":{"line":119,"column":19},"end":{"line":119,"column":21}},"50":{"start":{"line":120,"column":4},"end":{"line":124,"column":5}},"51":{"start":{"line":121,"column":6},"end":{"line":123,"column":7}},"52":{"start":{"line":122,"column":8},"end":{"line":122,"column":37}},"53":{"start":{"line":125,"column":4},"end":{"line":125,"column":26}}},"fnMap":{"0":{"name":"(anonymous_0)","decl":{"start":{"line":4,"column":2},"end":{"line":4,"column":3}},"loc":{"start":{"line":4,"column":16},"end":{"line":11,"column":3}},"line":4},"1":{"name":"(anonymous_1)","decl":{"start":{"line":13,"column":2},"end":{"line":13,"column":3}},"loc":{"start":{"line":13,"column":9},"end":{"line":20,"column":3}},"line":13},"2":{"name":"(anonymous_2)","decl":{"start":{"line":15,"column":53},"end":{"line":15,"column":54}},"loc":{"start":{"line":15,"column":59},"end":{"line":17,"column":7}},"line":15},"3":{"name":"(anonymous_3)","decl":{"start":{"line":22,"column":2},"end":{"line":22,"column":3}},"loc":{"start":{"line":22,"column":12},"end":{"line":24,"column":3}},"line":22},"4":{"name":"(anonymous_4)","decl":{"start":{"line":26,"column":2},"end":{"line":26,"column":3}},"loc":{"start":{"line":26,"column":17},"end":{"line":43,"column":3}},"line":26},"5":{"name":"(anonymous_5)","decl":{"start":{"line":31,"column":23},"end":{"line":31,"column":24}},"loc":{"start":{"line":31,"column":40},"end":{"line":42,"column":5}},"line":31},"6":{"name":"(anonymous_6)","decl":{"start":{"line":50,"column":2},"end":{"line":50,"column":3}},"loc":{"start":{"line":50,"column":11},"end":{"line":63,"column":3}},"line":50},"7":{"name":"(anonymous_7)","decl":{"start":{"line":55,"column":35},"end":{"line":55,"column":36}},"loc":{"start":{"line":55,"column":41},"end":{"line":57,"column":7}},"line":55},"8":{"name":"(anonymous_8)","decl":{"start":{"line":65,"column":2},"end":{"line":65,"column":3}},"loc":{"start":{"line":65,"column":23},"end":{"line":68,"column":3}},"line":65},"9":{"name":"(anonymous_9)","decl":{"start":{"line":70,"column":2},"end":{"line":70,"column":3}},"loc":{"start":{"line":70,"column":17},"end":{"line":73,"column":3}},"line":70},"10":{"name":"(anonymous_10)","decl":{"start":{"line":75,"column":2},"end":{"line":75,"column":3}},"loc":{"start":{"line":75,"column":20},"end":{"line":81,"column":3}},"line":75},"11":{"name":"(anonymous_11)","decl":{"start":{"line":76,"column":27},"end":{"line":76,"column":28}},"loc":{"start":{"line":76,"column":39},"end":{"line":80,"column":5}},"line":76},"12":{"name":"(anonymous_12)","decl":{"start":{"line":83,"column":2},"end":{"line":83,"column":3}},"loc":{"start":{"line":83,"column":13},"end":{"line":116,"column":3}},"line":83},"13":{"name":"(anonymous_13)","decl":{"start":{"line":84,"column":23},"end":{"line":84,"column":24}},"loc":{"start":{"line":84,"column":40},"end":{"line":115,"column":5}},"line":84},"14":{"name":"(anonymous_14)","decl":{"start":{"line":118,"column":2},"end":{"line":118,"column":3}},"loc":{"start":{"line":118,"column":14},"end":{"line":126,"column":3}},"line":118}},"branchMap":{"0":{"loc":{"start":{"line":14,"column":4},"end":{"line":19,"column":5}},"type":"if","locations":[{"start":{"line":14,"column":4},"end":{"line":19,"column":5}},{"start":{"line":14,"column":4},"end":{"line":19,"column":5}}],"line":14},"1":{"loc":{"start":{"line":27,"column":4},"end":{"line":29,"column":5}},"type":"if","locations":[{"start":{"line":27,"column":4},"end":{"line":29,"column":5}},{"start":{"line":27,"column":4},"end":{"line":29,"column":5}}],"line":27},"2":{"loc":{"start":{"line":32,"column":6},"end":{"line":41,"column":7}},"type":"if","locations":[{"start":{"line":32,"column":6},"end":{"line":41,"column":7}},{"start":{"line":32,"column":6},"end":{"line":41,"column":7}}],"line":32},"3":{"loc":{"start":{"line":33,"column":8},"end":{"line":40,"column":9}},"type":"if","locations":[{"start":{"line":33,"column":8},"end":{"line":40,"column":9}},{"start":{"line":33,"column":8},"end":{"line":40,"column":9}}],"line":33},"4":{"loc":{"start":{"line":36,"column":10},"end":{"line":38,"column":11}},"type":"if","locations":[{"start":{"line":36,"column":10},"end":{"line":38,"column":11}},{"start":{"line":36,"column":10},"end":{"line":38,"column":11}}],"line":36},"5":{"loc":{"start":{"line":54,"column":4},"end":{"line":62,"column":5}},"type":"if","locations":[{"start":{"line":54,"column":4},"end":{"line":62,"column":5}},{"start":{"line":54,"column":4},"end":{"line":62,"column":5}}],"line":54},"6":{"loc":{"start":{"line":77,"column":6},"end":{"line":79,"column":7}},"type":"if","locations":[{"start":{"line":77,"column":6},"end":{"line":79,"column":7}},{"start":{"line":77,"column":6},"end":{"line":79,"column":7}}],"line":77},"7":{"loc":{"start":{"line":85,"column":6},"end":{"line":87,"column":7}},"type":"if","locations":[{"start":{"line":85,"column":6},"end":{"line":87,"column":7}},{"start":{"line":85,"column":6},"end":{"line":87,"column":7}}],"line":85},"8":{"loc":{"start":{"line":89,"column":6},"end":{"line":114,"column":7}},"type":"if","locations":[{"start":{"line":89,"column":6},"end":{"line":114,"column":7}},{"start":{"line":89,"column":6},"end":{"line":114,"column":7}}],"line":89},"9":{"loc":{"start":{"line":92,"column":8},"end":{"line":113,"column":9}},"type":"switch","locations":[{"start":{"line":93,"column":10},"end":{"line":96,"column":18}},{"start":{"line":98,"column":10},"end":{"line":105,"column":18}},{"start":{"line":107,"column":10},"end":{"line":109,"column":18}},{"start":{"line":111,"column":10},"end":{"line":112,"column":18}}],"line":92},"10":{"loc":{"start":{"line":100,"column":12},"end":{"line":104,"column":13}},"type":"if","locations":[{"start":{"line":100,"column":12},"end":{"line":104,"column":13}},{"start":{"line":100,"column":12},"end":{"line":104,"column":13}}],"line":100},"11":{"loc":{"start":{"line":121,"column":6},"end":{"line":123,"column":7}},"type":"if","locations":[{"start":{"line":121,"column":6},"end":{"line":123,"column":7}},{"start":{"line":121,"column":6},"end":{"line":123,"column":7}}],"line":121}},"s":{"0":10,"1":10,"2":10,"3":10,"4":3,"5":2,"6":2,"7":2,"8":2,"9":1,"10":0,"11":1,"12":1,"13":1,"14":1,"15":1,"16":1,"17":0,"18":1,"19":1,"20":1,"21":1,"22":0,"23":0,"24":1,"25":1,"26":1,"27":1,"28":2,"29":2,"30":1,"31":1,"32":1,"33":1,"34":0,"35":0,"36":0,"37":0,"38":0,"39":0,"40":0,"41":0,"42":0,"43":0,"44":0,"45":0,"46":0,"47":0,"48":0,"49":3,"50":3,"51":3,"52":1,"53":3},"f":{"0":10,"1":3,"2":2,"3":2,"4":1,"5":1,"6":1,"7":0,"8":1,"9":2,"10":1,"11":1,"12":1,"13":0,"14":3},"b":{"0":[2,1],"1":[0,1],"2":[1,0],"3":[1,0],"4":[0,1],"5":[0,1],"6":[1,0],"7":[0,0],"8":[0,0],"9":[0,0,0,0],"10":[0,0],"11":[1,2]},"_coverageSchema":"332fd63041d2c1bcb487cc26dd0d5f7d97098a6c","hash":"865f2e9803637a1b3f008f36582d2a48dcfb01e3"}
,"/mnt/c/Users/Gamer/Development/Flojo/src/types.js": {"path":"/mnt/c/Users/Gamer/Development/Flojo/src/types.js","statementMap":{"0":{"start":{"line":1,"column":26},"end":{"line":1,"column":27}},"1":{"start":{"line":2,"column":28},"end":{"line":2,"column":29}},"2":{"start":{"line":3,"column":29},"end":{"line":3,"column":30}},"3":{"start":{"line":7,"column":4},"end":{"line":7,"column":17}},"4":{"start":{"line":8,"column":4},"end":{"line":8,"column":21}},"5":{"start":{"line":9,"column":4},"end":{"line":9,"column":23}},"6":{"start":{"line":10,"column":4},"end":{"line":10,"column":21}},"7":{"start":{"line":11,"column":4},"end":{"line":11,"column":21}},"8":{"start":{"line":12,"column":4},"end":{"line":12,"column":23}},"9":{"start":{"line":18,"column":4},"end":{"line":18,"column":46}},"10":{"start":{"line":19,"column":4},"end":{"line":19,"column":29}},"11":{"start":{"line":20,"column":4},"end":{"line":20,"column":23}},"12":{"start":{"line":26,"column":4},"end":{"line":26,"column":46}},"13":{"start":{"line":27,"column":4},"end":{"line":27,"column":29}}},"fnMap":{"0":{"name":"(anonymous_0)","decl":{"start":{"line":6,"column":2},"end":{"line":6,"column":3}},"loc":{"start":{"line":6,"column":50},"end":{"line":13,"column":3}},"line":6},"1":{"name":"(anonymous_1)","decl":{"start":{"line":17,"column":2},"end":{"line":17,"column":3}},"loc":{"start":{"line":17,"column":67},"end":{"line":21,"column":3}},"line":17},"2":{"name":"(anonymous_2)","decl":{"start":{"line":25,"column":2},"end":{"line":25,"column":3}},"loc":{"start":{"line":25,"column":60},"end":{"line":28,"column":3}},"line":25}},"branchMap":{},"s":{"0":2,"1":2,"2":2,"3":3,"4":3,"5":3,"6":3,"7":3,"8":3,"9":1,"10":1,"11":1,"12":1,"13":1},"f":{"0":3,"1":1,"2":1},"b":{},"_coverageSchema":"332fd63041d2c1bcb487cc26dd0d5f7d97098a6c","hash":"25f7846eb9841942d6a6570272cc0f3aa94e75ac"}
}
