TN:
SF:/mnt/c/Users/Gamer/Development/Flojo/src/core.js
FN:4,(anonymous_0)
FN:13,(anonymous_1)
FN:15,(anonymous_2)
FN:22,(anonymous_3)
FN:26,(anonymous_4)
FN:31,(anonymous_5)
FN:50,(anonymous_6)
FN:55,(anonymous_7)
FN:65,(anonymous_8)
FN:70,(anonymous_9)
FN:75,(anonymous_10)
FN:76,(anonymous_11)
FN:83,(anonymous_12)
FN:84,(anonymous_13)
FN:118,(anonymous_14)
FNF:15
FNH:13
FNDA:10,(anonymous_0)
FNDA:3,(anonymous_1)
FNDA:2,(anonymous_2)
FNDA:2,(anonymous_3)
FNDA:1,(anonymous_4)
FNDA:1,(anonymous_5)
FNDA:1,(anonymous_6)
FNDA:0,(anonymous_7)
FNDA:1,(anonymous_8)
FNDA:2,(anonymous_9)
FNDA:1,(anonymous_10)
FNDA:1,(anonymous_11)
FNDA:1,(anonymous_12)
FNDA:0,(anonymous_13)
FNDA:3,(anonymous_14)
DA:5,10
DA:6,10
DA:9,10
DA:10,10
DA:14,3
DA:15,2
DA:16,2
DA:18,2
DA:23,2
DA:27,1
DA:28,0
DA:31,1
DA:32,1
DA:33,1
DA:34,1
DA:35,1
DA:36,1
DA:37,0
DA:39,1
DA:51,1
DA:53,1
DA:54,1
DA:55,0
DA:56,0
DA:59,1
DA:60,1
DA:61,1
DA:67,1
DA:71,2
DA:72,2
DA:76,1
DA:77,1
DA:78,1
DA:84,1
DA:85,0
DA:86,0
DA:89,0
DA:90,0
DA:92,0
DA:94,0
DA:96,0
DA:99,0
DA:100,0
DA:101,0
DA:103,0
DA:105,0
DA:108,0
DA:109,0
DA:112,0
DA:119,3
DA:120,3
DA:121,3
DA:122,1
DA:125,3
LF:54
LH:35
BRDA:14,0,0,2
BRDA:14,0,1,1
BRDA:27,1,0,0
BRDA:27,1,1,1
BRDA:32,2,0,1
BRDA:32,2,1,0
BRDA:33,3,0,1
BRDA:33,3,1,0
BRDA:36,4,0,0
BRDA:36,4,1,1
BRDA:54,5,0,0
BRDA:54,5,1,1
BRDA:77,6,0,1
BRDA:77,6,1,0
BRDA:85,7,0,0
BRDA:85,7,1,0
BRDA:89,8,0,0
BRDA:89,8,1,0
BRDA:92,9,0,0
BRDA:92,9,1,0
BRDA:92,9,2,0
BRDA:92,9,3,0
BRDA:100,10,0,0
BRDA:100,10,1,0
BRDA:121,11,0,1
BRDA:121,11,1,2
BRF:26
BRH:10
end_of_record
TN:
SF:/mnt/c/Users/Gamer/Development/Flojo/src/types.js
FN:6,(anonymous_0)
FN:17,(anonymous_1)
FN:25,(anonymous_2)
FNF:3
FNH:3
FNDA:3,(anonymous_0)
FNDA:1,(anonymous_1)
FNDA:1,(anonymous_2)
DA:1,2
DA:2,2
DA:3,2
DA:7,3
DA:8,3
DA:9,3
DA:10,3
DA:11,3
DA:12,3
DA:18,1
DA:19,1
DA:20,1
DA:26,1
DA:27,1
LF:14
LH:14
BRF:0
BRH:0
end_of_record
