TN:
SF:/Users/admin/Development/Flojo/src/core.js
FN:4,(anonymous_0)
FN:13,(anonymous_1)
FN:15,(anonymous_2)
FN:22,(anonymous_3)
FN:26,(anonymous_4)
FN:31,(anonymous_5)
FN:50,(anonymous_6)
FN:55,(anonymous_7)
FN:65,(anonymous_8)
FN:70,(anonymous_9)
FN:75,(anonymous_10)
FN:76,(anonymous_11)
FN:83,(anonymous_12)
FN:84,(anonymous_13)
FN:118,(anonymous_14)
FNF:15
FNH:4
FNDA:3,(anonymous_0)
FNDA:1,(anonymous_1)
FNDA:1,(anonymous_2)
FNDA:1,(anonymous_3)
FNDA:0,(anonymous_4)
FNDA:0,(anonymous_5)
FNDA:0,(anonymous_6)
FNDA:0,(anonymous_7)
FNDA:0,(anonymous_8)
FNDA:0,(anonymous_9)
FNDA:0,(anonymous_10)
FNDA:0,(anonymous_11)
FNDA:0,(anonymous_12)
FNDA:0,(anonymous_13)
FNDA:0,(anonymous_14)
DA:5,3
DA:6,3
DA:9,3
DA:10,3
DA:14,1
DA:15,1
DA:16,1
DA:18,1
DA:23,1
DA:27,0
DA:28,0
DA:31,0
DA:32,0
DA:33,0
DA:34,0
DA:35,0
DA:36,0
DA:37,0
DA:39,0
DA:51,0
DA:53,0
DA:54,0
DA:55,0
DA:56,0
DA:59,0
DA:60,0
DA:61,0
DA:67,0
DA:71,0
DA:72,0
DA:76,0
DA:77,0
DA:78,0
DA:84,0
DA:85,0
DA:86,0
DA:89,0
DA:90,0
DA:92,0
DA:94,0
DA:96,0
DA:99,0
DA:100,0
DA:101,0
DA:103,0
DA:105,0
DA:108,0
DA:109,0
DA:112,0
DA:119,0
DA:120,0
DA:121,0
DA:122,0
DA:125,0
LF:54
LH:9
BRDA:14,0,0,1
BRDA:14,0,1,0
BRDA:27,1,0,0
BRDA:27,1,1,0
BRDA:32,2,0,0
BRDA:32,2,1,0
BRDA:33,3,0,0
BRDA:33,3,1,0
BRDA:36,4,0,0
BRDA:36,4,1,0
BRDA:54,5,0,0
BRDA:54,5,1,0
BRDA:77,6,0,0
BRDA:77,6,1,0
BRDA:85,7,0,0
BRDA:85,7,1,0
BRDA:89,8,0,0
BRDA:89,8,1,0
BRDA:92,9,0,0
BRDA:92,9,1,0
BRDA:92,9,2,0
BRDA:92,9,3,0
BRDA:100,10,0,0
BRDA:100,10,1,0
BRDA:121,11,0,0
BRDA:121,11,1,0
BRF:26
BRH:1
end_of_record
TN:
SF:/Users/admin/Development/Flojo/src/types.js
FN:6,(anonymous_0)
FN:17,(anonymous_1)
FN:25,(anonymous_2)
FNF:3
FNH:0
FNDA:0,(anonymous_0)
FNDA:0,(anonymous_1)
FNDA:0,(anonymous_2)
DA:1,1
DA:2,1
DA:3,1
DA:7,0
DA:8,0
DA:9,0
DA:10,0
DA:11,0
DA:12,0
DA:18,0
DA:19,0
DA:20,0
DA:26,0
DA:27,0
LF:14
LH:3
BRF:0
BRH:0
end_of_record
